*** Start analyzing build configuration ***
*** List of included argument files ***
    Build configuration file:  /home/student/wmrzyglod/VDIC/.dvt/lab1.build
    -F /home/student/wmrzyglod/VDIC/./lab1/alu_tb.f
*** Done analyzing build configuration [18 ms] ***

*** Start SystemVerilog build ***
*** Invocation #1***
Loading (1) /home/student/wmrzyglod/VDIC/lab1/alu_tb.sv ...
Done /home/student/wmrzyglod/VDIC/lab1/alu_tb.sv [22 ms, 353 lines, SystemVerilog_2012] ...
*** Done invocation #1 [20 ms] ***
*** Scanning libraries ***
Scanning -v lib (2) /home/student/wmrzyglod/VDIC/lab1/mtm_Alu.vp ...
Done /home/student/wmrzyglod/VDIC/lab1/mtm_Alu.vp [9 ms, 474 lines, SystemVerilog_2012] ...
      mtm_Alu.vp:mtm_Alu
Scanning -v lib (3) /home/student/wmrzyglod/VDIC/lab1/crc.v ...
Done /home/student/wmrzyglod/VDIC/lab1/crc.v [8 ms, 68 lines, Verilog_2001] ...
      crc.v:crc4
      crc.v:crc3
*** Done libraries ***
*** Done parsing [LT 12.0 ms, PT 36.0 ms] ***
*** Total number of lines [895] ***
Performing post full build actions ...
Performing post full build step 1 (SRI) [0 ms] ...
Performing post full build step 2 (RI) [1 ms] ...
Performing post full build step 3 (RCP) [0 ms] ...
*** Done SystemVerilog build [42 ms] ***

*** Start mixed mode extension build ***
Performing mixed post full build step 1 (Verilog - RI) [0 ms] ...
Performing mixed post full build step 2 (Verilog - RC) [0 ms] ...
Performing mixed post full build step 3 (Verilog - RPC) [1 ms] ...
Performing mixed post full build step 4 (Verilog - RD) [1 ms] ...
Performing mixed post full build step 5 (Verilog - FSC) [51 ms] ...
Performing mixed post full build step 6 (Verilog - EV) [51 ms] ...
Performing mixed post full build step 7 (Verilog - US) [51 ms] ...
*** Done mixed mode extension build [211 ms] ***
*** Start adding/validating the DVT Auto-Linked resources ***
*** Done adding/validating the DVT Auto-Linked resources [1 ms] ***
*** Total build time [272 ms] ***
