TOOL:	xrun	19.09-s003: Started on Oct 07, 2021 at 17:59:21 CEST
xrun
	-F tb.f
		-v orange.v
		orange_tb.v
	-v93
	+nowarnDSEM2009
	+nowarnDSEMEL
	+nowarnCGDEFN
	-xmlibdirname INCA_libs_gui
	+access+r
	+gui
	+overwrite
	-nocopyright
	-covtest lab01
	-l xrun_gui.log
INCLUDE $PDK_DIR/cds/cds.lib
|
xrun: *W,DLCVAR (/home/student/wmrzyglod/cds.lib,1): cds.lib Invalid environment variable ''.
INCLUDE $PDK_DIR/cds/cds.lib
|
xrun: *W,DLCVAR (/home/student/wmrzyglod/cds.lib,1): cds.lib Invalid environment variable ''.
INCLUDE $PDK_DIR/cds/cds.lib
|
xrun: *W,DLCVAR (/home/student/wmrzyglod/cds.lib,1): cds.lib Invalid environment variable ''.
INCLUDE $PDK_DIR/cds/cds.lib
|
xrun: *W,DLCVAR (/home/student/wmrzyglod/cds.lib,1): cds.lib Invalid environment variable ''.
INCLUDE $PDK_DIR/cds/cds.lib
|
xrun: *W,DLCVAR (/home/student/wmrzyglod/cds.lib,1): cds.lib Invalid environment variable ''.
INCLUDE $PDK_DIR/cds/cds.lib
|
xrun: *W,DLCVAR (/home/student/wmrzyglod/cds.lib,1): cds.lib Invalid environment variable ''.
INCLUDE $PDK_DIR/cds/cds.lib
|
xrun: *W,DLCVAR (/home/student/wmrzyglod/cds.lib,1): cds.lib Invalid environment variable ''.
INCLUDE $PDK_DIR/cds/cds.lib
|
xmsim: *W,DLCVAR (/home/student/wmrzyglod/cds.lib,1): cds.lib Invalid environment variable ''.

-------------------------------------
Relinquished control to SimVision...
xcelium> 
xcelium> source /cad/XCELIUM1909/tools/xcelium/files/xmsimrc
xcelium> database -open waves -into waves.shm -default
Created default SHM database waves
xcelium> probe -create -shm orange_tb.A orange_tb.B
Created probe 1
xcelium> run
xmsim: *W,RNQUIE: Simulation is complete.
xcelium> ^C
xcelium> exit

coverage setup:
  workdir  :  ./cov_work
  scope    :  scope
  testname :  lab01
TOOL:	xrun	19.09-s003: Exiting on Oct 07, 2021 at 18:17:49 CEST  (total: 00:18:28)
