Operating system: Linux
                  0.0.0 Linux 2.6.32-754.33.1.el6.x86_64 #1 SMP Tue Aug 25 15:29:40 UTC 2020 x86_64
CPU: x86
     GenuineIntel family 6 model 85 stepping 4
     1 CPU

GPU: UNKNOWN

Crash reason:  DUMP_REQUESTED
Crash address: 0xf752c8ab
Process uptime: not available

Thread 0 (crashed)
 0  libcbreakpad.so + 0x298ab
    eip = 0xf752c8ab   esp = 0xffbe8530   ebp = 0xffbe85b8   ebx = 0xf755d000
    esi = 0xf755d000   edi = 0xffbe8668   eax = 0x00000000   ecx = 0x00000001
    edx = 0x00000000   efl = 0x0dda975c
    Found by: given as instruction pointer in context
 1  libcbreakpad.so + 0x27b74
    eip = 0xf752ab74   esp = 0xffbe85c0   ebp = 0xffbe8708
    Found by: previous frame's frame pointer
 2  xmelab!vserror + 0xad
    eip = 0x09b3330d   esp = 0xffbe8710   ebp = 0x0de74900
    Found by: previous frame's frame pointer
 3  xmelab!serror + 0x1a
    eip = 0x09b3468a   esp = 0xffbe8910   ebp = 0x0de74900   ebx = 0x00000000
    esi = 0xffbe8978   edi = 0x00000001
    Found by: call frame info
 4  xmelab!cu_xsimple_function + 0x985
    eip = 0x0886f115   esp = 0xffbe8930   ebp = 0x0de74900   ebx = 0x00000000
    esi = 0xffbe8978   edi = 0x00000001
    Found by: call frame info
 5  xmelab!cu_check_simple_function + 0x14
    eip = 0x0886f644   esp = 0xffbe89c0   ebp = 0x0de79210   ebx = 0x0de79210
    esi = 0xf6b0f040   edi = 0xf6b0f040
    Found by: call frame info
 6  xmelab!cu_xoptimize_function + 0x9a
    eip = 0x087b57ca   esp = 0xffbe89e0   ebp = 0x0de79210   ebx = 0x0de79210
    esi = 0xf6b0f040   edi = 0xf6b0f040
    Found by: call frame info
 7  xmelab!cu_xoptimize + 0xd49
    eip = 0x087b69d9   esp = 0xffbe8a10   ebp = 0x0de79210   ebx = 0x00000000
    esi = 0x00000000   edi = 0xf6b0f040
    Found by: call frame info
 8  xmelab!cu_tlui_process_hierarchy.constprop.196 + 0x5ca
    eip = 0x087d3f6a   esp = 0xffbe8a70   ebp = 0x00000000   ebx = 0x0dde2ed0
    esi = 0x00000001   edi = 0x00000000
    Found by: call frame info
 9  xmelab!cu_tlui_common.constprop.161 + 0x44c
    eip = 0x0881702c   esp = 0xffbe8f40   ebp = 0xffbed078   ebx = 0x00000000
    esi = 0x0dde2f00   edi = 0x00000000
    Found by: call frame info
10  xmelab!cu_elaborate + 0x3d
    eip = 0x088172ed   esp = 0xffbe8f70   ebp = 0xffbed078   ebx = 0x0dddd8e0
    esi = 0x00000000   edi = 0x00000000
    Found by: call frame info
11  xmelab!process + 0x3015
    eip = 0x0845b295   esp = 0xffbe8fd0   ebp = 0xffbed078   ebx = 0x0de20630
    esi = 0x0ddbbc50   edi = 0x00000000
    Found by: call frame info
12  xmelab!xncmain + 0x16955
    eip = 0x08475cd5   esp = 0xffbed080   ebp = 0xffbf2458   ebx = 0x00000000
    esi = 0xffbf3457   edi = 0x00000000
    Found by: call frame info
13  xmelab!main + 0x24
    eip = 0x08351124   esp = 0xffbf2460   ebp = 0xffbf2478   ebx = 0x00d5dff4
    esi = 0x00000000   edi = 0x00000000
    Found by: call frame info
14  libc-2.12.so + 0x16d28
    eip = 0x00be1d28   esp = 0xffbf2480   ebp = 0xffbf2508
    Found by: previous frame's frame pointer
15  xmelab!_start + 0x21
    eip = 0x08351155   esp = 0xffbf2510   ebp = 0x00000000
    Found by: previous frame's frame pointer
16  xmelab!_GLOBAL__sub_I_vpa_fix_portal_id + 0x30
    eip = 0x08351100   esp = 0xffbf2514   ebp = 0x00000000
    Found by: stack scanning
17  xmelab!__libc_csu_fini + 0x10
    eip = 0x0a07bc20   esp = 0xffbf2520   ebp = 0xffbf2534
    Found by: stack scanning
18  0xffbf33db
    eip = 0xffbf33db   esp = 0xffbf253c   ebp = 0xffbf33d4
    Found by: previous frame's frame pointer
19  0x2d006261
    eip = 0x2d006261   esp = 0xffbf33dc   ebp = 0x6c656d78
    Found by: previous frame's frame pointer

Loaded modules:
0x0025d000 - 0x00286fff  libm-2.12.so  ???
0x00ba8000 - 0x00bc8fff  ld-2.12.so  ???
0x00bcb000 - 0x00d5efff  libc-2.12.so  ???  (WARNING: No symbols, libc-2.12.so, 14A299164FF3FB44CC4C2710C0B49C3B0)
0x00d64000 - 0x00d68fff  libdl-2.12.so  ???
0x00d76000 - 0x00d8efff  libpthread-2.12.so  ???
0x08048000 - 0x0b0a3fff  xmelab  ???  (main)
0xf7503000 - 0xf755efff  libcbreakpad.so  ???  (WARNING: No symbols, libcbreakpad.so, E534BA7ACB58B2D1AC43D31B76D3ED460)
0xf7568000 - 0xf7583fff  libgcc_s.so.1  ???
0xf7585000 - 0xf76fbfff  libstdc++.so.6.0.22  ???
0xf7716000 - 0xf7716fff  linux-gate.so  ???

******BACKTRACE*****
vserror [0x9b3330d]
serror [0x9b3468a]
cu_xsimple_function [0x886f115]
cu_check_simple_function [0x886f644]
cu_xoptimize_function [0x87b57ca]
cu_xoptimize [0x87b69d9]
cu_tlui_process_hierarchy.constprop.196 [0x87d3f6a]
cu_tlui_common.constprop.161 [0x881702c]
cu_elaborate [0x88172ed]
process [0x845b295]
xncmain [0x8475cd5]
main [0x8351124]
_start [0x8351155]
******BACKTRACE END*****