Operating system: Linux
                  0.0.0 Linux 2.6.32-754.33.1.el6.x86_64 #1 SMP Tue Aug 25 15:29:40 UTC 2020 x86_64
CPU: x86
     GenuineIntel family 6 model 85 stepping 4
     1 CPU

GPU: UNKNOWN

Crash reason:  DUMP_REQUESTED
Crash address: 0xf76018ab
Process uptime: not available

Thread 0 (crashed)
 0  libcbreakpad.so + 0x298ab
    eip = 0xf76018ab   esp = 0xffe27f30   ebp = 0xffe27fb8   ebx = 0xf7632000
    esi = 0xf7632000   edi = 0xffe28068   eax = 0x00000000   ecx = 0x00000001
    edx = 0x00000000   efl = 0x0ce1b75c
    Found by: given as instruction pointer in context
 1  libcbreakpad.so + 0x27b74
    eip = 0xf75ffb74   esp = 0xffe27fc0   ebp = 0xffe28108
    Found by: previous frame's frame pointer
 2  xmelab!vserror + 0xad
    eip = 0x09b3330d   esp = 0xffe28110   ebp = 0x0cef6b08
    Found by: previous frame's frame pointer
 3  xmelab!serror + 0x1a
    eip = 0x09b3468a   esp = 0xffe28310   ebp = 0x0cef6b08   ebx = 0x00000000
    esi = 0xffe28378   edi = 0x00000001
    Found by: call frame info
 4  xmelab!cu_xsimple_function + 0x985
    eip = 0x0886f115   esp = 0xffe28330   ebp = 0x0cef6b08   ebx = 0x00000000
    esi = 0xffe28378   edi = 0x00000001
    Found by: call frame info
 5  xmelab!cu_check_simple_function + 0x14
    eip = 0x0886f644   esp = 0xffe283c0   ebp = 0x0cefb418   ebx = 0x0cefb418
    esi = 0xf6be4d10   edi = 0xf6be4d10
    Found by: call frame info
 6  xmelab!cu_xoptimize_function + 0x9a
    eip = 0x087b57ca   esp = 0xffe283e0   ebp = 0x0cefb418   ebx = 0x0cefb418
    esi = 0xf6be4d10   edi = 0xf6be4d10
    Found by: call frame info
 7  xmelab!cu_xoptimize + 0xd49
    eip = 0x087b69d9   esp = 0xffe28410   ebp = 0x0cefb418   ebx = 0x00000000
    esi = 0x00000000   edi = 0xf6be4d10
    Found by: call frame info
 8  xmelab!cu_xoptimize + 0xccb
    eip = 0x087b695b   esp = 0xffe28470   ebp = 0x0cef0170   ebx = 0xf6be4d10
    esi = 0xffe284a8   edi = 0xf6be4040
    Found by: call frame info
 9  xmelab!cu_tlui_process_hierarchy.constprop.196 + 0x5ca
    eip = 0x087d3f6a   esp = 0xffe284e0   ebp = 0x00000000   ebx = 0x0ce56750
    esi = 0x00000001   edi = 0x00000000
    Found by: call frame info
10  xmelab!cu_tlui_common.constprop.161 + 0x44c
    eip = 0x0881702c   esp = 0xffe289b0   ebp = 0xffe2cae8   ebx = 0x00000000
    esi = 0x0ce56760   edi = 0x00000000
    Found by: call frame info
11  xmelab!cu_elaborate + 0x3d
    eip = 0x088172ed   esp = 0xffe289e0   ebp = 0xffe2cae8   ebx = 0x0ce51108
    esi = 0x00000000   edi = 0x00000000
    Found by: call frame info
12  xmelab!process + 0x3015
    eip = 0x0845b295   esp = 0xffe28a40   ebp = 0xffe2cae8   ebx = 0x0ce6e2c0
    esi = 0x0ce2dc50   edi = 0x00000000
    Found by: call frame info
13  xmelab!xncmain + 0x16955
    eip = 0x08475cd5   esp = 0xffe2caf0   ebp = 0xffe31ec8   ebx = 0x00000000
    esi = 0xffe33445   edi = 0x00000000
    Found by: call frame info
14  xmelab!main + 0x24
    eip = 0x08351124   esp = 0xffe31ed0   ebp = 0xffe31ee8   ebx = 0x00d5dff4
    esi = 0x00000000   edi = 0x00000000
    Found by: call frame info
15  libc-2.12.so + 0x16d28
    eip = 0x00be1d28   esp = 0xffe31ef0   ebp = 0xffe31f78
    Found by: previous frame's frame pointer
16  xmelab!_start + 0x21
    eip = 0x08351155   esp = 0xffe31f80   ebp = 0x00000000
    Found by: previous frame's frame pointer
17  xmelab!_GLOBAL__sub_I_vpa_fix_portal_id + 0x30
    eip = 0x08351100   esp = 0xffe31f84   ebp = 0x00000000
    Found by: stack scanning
18  xmelab!__libc_csu_fini + 0x10
    eip = 0x0a07bc20   esp = 0xffe31f90   ebp = 0xffe31fa4
    Found by: stack scanning
19  0xffe333c9
    eip = 0xffe333c9   esp = 0xffe31fac   ebp = 0xffe333c2
    Found by: previous frame's frame pointer
20  0x2d006261
    eip = 0x2d006261   esp = 0xffe333ca   ebp = 0x6c656d78
    Found by: previous frame's frame pointer

Loaded modules:
0x0025d000 - 0x00286fff  libm-2.12.so  ???
0x00ba8000 - 0x00bc8fff  ld-2.12.so  ???
0x00bcb000 - 0x00d5efff  libc-2.12.so  ???  (WARNING: No symbols, libc-2.12.so, 14A299164FF3FB44CC4C2710C0B49C3B0)
0x00d64000 - 0x00d68fff  libdl-2.12.so  ???
0x00d76000 - 0x00d8efff  libpthread-2.12.so  ???
0x08048000 - 0x0b0a3fff  xmelab  ???  (main)
0xf75d8000 - 0xf7633fff  libcbreakpad.so  ???  (WARNING: No symbols, libcbreakpad.so, E534BA7ACB58B2D1AC43D31B76D3ED460)
0xf763d000 - 0xf7658fff  libgcc_s.so.1  ???
0xf765a000 - 0xf77d0fff  libstdc++.so.6.0.22  ???
0xf77eb000 - 0xf77ebfff  linux-gate.so  ???

******BACKTRACE*****
vserror [0x9b3330d]
serror [0x9b3468a]
cu_xsimple_function [0x886f115]
cu_check_simple_function [0x886f644]
cu_xoptimize_function [0x87b57ca]
cu_xoptimize [0x87b69d9]
cu_xoptimize [0x87b695b]
cu_tlui_process_hierarchy.constprop.196 [0x87d3f6a]
cu_tlui_common.constprop.161 [0x881702c]
cu_elaborate [0x88172ed]
process [0x845b295]
xncmain [0x8475cd5]
main [0x8351124]
_start [0x8351155]
******BACKTRACE END*****