Operating system: Linux
                  0.0.0 Linux 2.6.32-754.33.1.el6.x86_64 #1 SMP Tue Aug 25 15:29:40 UTC 2020 x86_64
CPU: x86
     GenuineIntel family 6 model 85 stepping 4
     1 CPU

GPU: UNKNOWN

Crash reason:  DUMP_REQUESTED
Crash address: 0xf75288ab
Process uptime: not available

Thread 0 (crashed)
 0  libcbreakpad.so + 0x298ab
    eip = 0xf75288ab   esp = 0xfffbee90   ebp = 0xfffbef18   ebx = 0xf7559000
    esi = 0xf7559000   edi = 0xfffbefc8   eax = 0x00000000   ecx = 0x00000001
    edx = 0x00000000   efl = 0x0d7ce75c
    Found by: given as instruction pointer in context
 1  libcbreakpad.so + 0x27b74
    eip = 0xf7526b74   esp = 0xfffbef20   ebp = 0xfffbf068
    Found by: previous frame's frame pointer
 2  xmelab!vserror + 0xad
    eip = 0x09b3330d   esp = 0xfffbf070   ebp = 0x0d899968
    Found by: previous frame's frame pointer
 3  xmelab!serror + 0x1a
    eip = 0x09b3468a   esp = 0xfffbf270   ebp = 0x0d899968   ebx = 0x00000000
    esi = 0xfffbf2d8   edi = 0x00000001
    Found by: call frame info
 4  xmelab!cu_xsimple_function + 0x985
    eip = 0x0886f115   esp = 0xfffbf290   ebp = 0x0d899968   ebx = 0x00000000
    esi = 0xfffbf2d8   edi = 0x00000001
    Found by: call frame info
 5  xmelab!cu_check_simple_function + 0x14
    eip = 0x0886f644   esp = 0xfffbf320   ebp = 0x0d89e6c0   ebx = 0x0d89e6c0
    esi = 0xf6b0bd10   edi = 0xf6b0bd10
    Found by: call frame info
 6  xmelab!cu_xoptimize_function + 0x9a
    eip = 0x087b57ca   esp = 0xfffbf340   ebp = 0x0d89e6c0   ebx = 0x0d89e6c0
    esi = 0xf6b0bd10   edi = 0xf6b0bd10
    Found by: call frame info
 7  xmelab!cu_xoptimize + 0xd49
    eip = 0x087b69d9   esp = 0xfffbf370   ebp = 0x0d89e6c0   ebx = 0x00000000
    esi = 0x00000000   edi = 0xf6b0bd10
    Found by: call frame info
 8  xmelab!cu_xoptimize + 0xccb
    eip = 0x087b695b   esp = 0xfffbf3d0   ebp = 0x0d8983a0   ebx = 0xf6b0bd10
    esi = 0xfffbf408   edi = 0xf6b0b040
    Found by: call frame info
 9  xmelab!cu_tlui_process_hierarchy.constprop.196 + 0x5ca
    eip = 0x087d3f6a   esp = 0xfffbf440   ebp = 0x00000000   ebx = 0x0d807ed0
    esi = 0x00000001   edi = 0x00000000
    Found by: call frame info
10  xmelab!cu_tlui_common.constprop.161 + 0x44c
    eip = 0x0881702c   esp = 0xfffbf910   ebp = 0xfffc3a48   ebx = 0x00000000
    esi = 0x0d807ee0   edi = 0x00000000
    Found by: call frame info
11  xmelab!cu_elaborate + 0x3d
    eip = 0x088172ed   esp = 0xfffbf940   ebp = 0xfffc3a48   ebx = 0x0d8028e0
    esi = 0x00000000   edi = 0x00000000
    Found by: call frame info
12  xmelab!process + 0x3015
    eip = 0x0845b295   esp = 0xfffbf9a0   ebp = 0xfffc3a48   ebx = 0x0d845600
    esi = 0x0d7e0c50   edi = 0x00000000
    Found by: call frame info
13  xmelab!xncmain + 0x16955
    eip = 0x08475cd5   esp = 0xfffc3a50   ebp = 0xfffc8e28   ebx = 0x00000000
    esi = 0xfffca457   edi = 0x00000000
    Found by: call frame info
14  xmelab!main + 0x24
    eip = 0x08351124   esp = 0xfffc8e30   ebp = 0xfffc8e48   ebx = 0x00d5dff4
    esi = 0x00000000   edi = 0x00000000
    Found by: call frame info
15  libc-2.12.so + 0x16d28
    eip = 0x00be1d28   esp = 0xfffc8e50   ebp = 0xfffc8ed8
    Found by: previous frame's frame pointer
16  xmelab!_start + 0x21
    eip = 0x08351155   esp = 0xfffc8ee0   ebp = 0x00000000
    Found by: previous frame's frame pointer
17  xmelab!_GLOBAL__sub_I_vpa_fix_portal_id + 0x30
    eip = 0x08351100   esp = 0xfffc8ee4   ebp = 0x00000000
    Found by: stack scanning
18  xmelab!__libc_csu_fini + 0x10
    eip = 0x0a07bc20   esp = 0xfffc8ef0   ebp = 0xfffc8f04
    Found by: stack scanning
19  0xfffca3db
    eip = 0xfffca3db   esp = 0xfffc8f0c   ebp = 0xfffca3d4
    Found by: previous frame's frame pointer
20  0x2d006261
    eip = 0x2d006261   esp = 0xfffca3dc   ebp = 0x6c656d78
    Found by: previous frame's frame pointer

Loaded modules:
0x0025d000 - 0x00286fff  libm-2.12.so  ???
0x00ba8000 - 0x00bc8fff  ld-2.12.so  ???
0x00bcb000 - 0x00d5efff  libc-2.12.so  ???  (WARNING: No symbols, libc-2.12.so, 14A299164FF3FB44CC4C2710C0B49C3B0)
0x00d64000 - 0x00d68fff  libdl-2.12.so  ???
0x00d76000 - 0x00d8efff  libpthread-2.12.so  ???
0x08048000 - 0x0b0a3fff  xmelab  ???  (main)
0xf74ff000 - 0xf755afff  libcbreakpad.so  ???  (WARNING: No symbols, libcbreakpad.so, E534BA7ACB58B2D1AC43D31B76D3ED460)
0xf7564000 - 0xf757ffff  libgcc_s.so.1  ???
0xf7581000 - 0xf76f7fff  libstdc++.so.6.0.22  ???
0xf7712000 - 0xf7712fff  linux-gate.so  ???

******BACKTRACE*****
vserror [0x9b3330d]
serror [0x9b3468a]
cu_xsimple_function [0x886f115]
cu_check_simple_function [0x886f644]
cu_xoptimize_function [0x87b57ca]
cu_xoptimize [0x87b69d9]
cu_xoptimize [0x87b695b]
cu_tlui_process_hierarchy.constprop.196 [0x87d3f6a]
cu_tlui_common.constprop.161 [0x881702c]
cu_elaborate [0x88172ed]
process [0x845b295]
xncmain [0x8475cd5]
main [0x8351124]
_start [0x8351155]
******BACKTRACE END*****